---------------------------------------------------------------
[ 2017-06-16T11:47:09+08:00 ] 127.0.0.1 127.0.0.1 GET /
[ info ] www.lixuan.dev/ [运行时间：0.045910s][吞吐率：21.78req/s] [内存消耗：1,383.30kb] [文件加载：48]
[ info ] [ LANG ] D:\WWW\Jarvix\lixuan\thinkphp\lang\zh-cn.php
[ info ] [ ROUTE ] array (
  'type' => 'module',
  'module' => 
  array (
    0 => '',
    1 => NULL,
    2 => NULL,
  ),
)
[ info ] [ HEADER ] array (
  'accept-language' => 'zh-CN,zh;q=0.8',
  'accept-encoding' => 'gzip, deflate, sdch',
  'accept' => 'text/html,application/xhtml+xml,application/xml;q=0.9,image/webp,*/*;q=0.8',
  'user-agent' => 'Mozilla/5.0 (Windows NT 10.0; Win64; x64) AppleWebKit/537.36 (KHTML, like Gecko) Chrome/58.0.3029.110 Safari/537.36',
  'upgrade-insecure-requests' => '1',
  'connection' => 'close',
  'host' => 'www.lixuan.dev',
)
[ info ] [ PARAM ] array (
)
[ info ] [ BEHAVIOR ] Run hook\AccessAuth @action_begin [ RunTime:0.001208s ]
[ info ] [ RUN ] app\index\controller\Index->index[ D:\WWW\Jarvix\lixuan\application\index\controller\Index.php ]
[ info ] [ LOG ] INIT File
---------------------------------------------------------------
[ 2017-06-16T11:48:11+08:00 ] 127.0.0.1 127.0.0.1 GET /index.php
[ info ] www.lixuan.dev/index.php [运行时间：0.014493s][吞吐率：69.00req/s] [内存消耗：1,383.30kb] [文件加载：48]
[ info ] [ LANG ] D:\WWW\Jarvix\lixuan\thinkphp\lang\zh-cn.php
[ info ] [ ROUTE ] array (
  'type' => 'module',
  'module' => 
  array (
    0 => '',
    1 => NULL,
    2 => NULL,
  ),
)
[ info ] [ HEADER ] array (
  'accept-language' => 'zh-CN,zh;q=0.8',
  'accept-encoding' => 'gzip, deflate, sdch',
  'accept' => 'text/html,application/xhtml+xml,application/xml;q=0.9,image/webp,*/*;q=0.8',
  'user-agent' => 'Mozilla/5.0 (Windows NT 10.0; Win64; x64) AppleWebKit/537.36 (KHTML, like Gecko) Chrome/58.0.3029.110 Safari/537.36',
  'upgrade-insecure-requests' => '1',
  'connection' => 'close',
  'host' => 'www.lixuan.dev',
)
[ info ] [ PARAM ] array (
)
[ info ] [ BEHAVIOR ] Run hook\AccessAuth @action_begin [ RunTime:0.000191s ]
[ info ] [ RUN ] app\index\controller\Index->index[ D:\WWW\Jarvix\lixuan\application\index\controller\Index.php ]
[ info ] [ LOG ] INIT File
---------------------------------------------------------------
[ 2017-06-16T11:48:11+08:00 ] 127.0.0.1 127.0.0.1 GET /index.php/admin.html
[ info ] www.lixuan.dev/index.php/admin.html [运行时间：0.015813s][吞吐率：63.24req/s] [内存消耗：1,465.47kb] [文件加载：50]
[ info ] [ LANG ] D:\WWW\Jarvix\lixuan\thinkphp\lang\zh-cn.php
[ info ] [ ROUTE ] array (
  'type' => 'module',
  'module' => 
  array (
    0 => 'admin',
    1 => NULL,
    2 => NULL,
  ),
)
[ info ] [ HEADER ] array (
  'accept-language' => 'zh-CN,zh;q=0.8',
  'accept-encoding' => 'gzip, deflate, sdch',
  'accept' => 'text/html,application/xhtml+xml,application/xml;q=0.9,image/webp,*/*;q=0.8',
  'user-agent' => 'Mozilla/5.0 (Windows NT 10.0; Win64; x64) AppleWebKit/537.36 (KHTML, like Gecko) Chrome/58.0.3029.110 Safari/537.36',
  'upgrade-insecure-requests' => '1',
  'connection' => 'close',
  'host' => 'www.lixuan.dev',
)
[ info ] [ PARAM ] array (
)
[ info ] [ SESSION ] INIT array (
  'id' => '',
  'var_session_id' => '',
  'prefix' => 'think',
  'type' => '',
  'auto_start' => true,
)
[ info ] [ LOG ] INIT File
---------------------------------------------------------------
[ 2017-06-16T11:48:11+08:00 ] 127.0.0.1 127.0.0.1 GET /index.php/admin/login.html
[ info ] www.lixuan.dev/index.php/admin/login.html [运行时间：0.094033s][吞吐率：10.63req/s] [内存消耗：2,097.09kb] [文件加载：58]
[ info ] [ LANG ] D:\WWW\Jarvix\lixuan\thinkphp\lang\zh-cn.php
[ info ] [ ROUTE ] array (
  'type' => 'module',
  'module' => 
  array (
    0 => 'admin',
    1 => 'login',
    2 => NULL,
  ),
)
[ info ] [ HEADER ] array (
  'cookie' => 's0c694c9a=ef92ipoaa9iq1v8h1fa1l6u4b1',
  'accept-language' => 'zh-CN,zh;q=0.8',
  'accept-encoding' => 'gzip, deflate, sdch',
  'accept' => 'text/html,application/xhtml+xml,application/xml;q=0.9,image/webp,*/*;q=0.8',
  'user-agent' => 'Mozilla/5.0 (Windows NT 10.0; Win64; x64) AppleWebKit/537.36 (KHTML, like Gecko) Chrome/58.0.3029.110 Safari/537.36',
  'upgrade-insecure-requests' => '1',
  'connection' => 'close',
  'host' => 'www.lixuan.dev',
)
[ info ] [ PARAM ] array (
)
[ info ] [ SESSION ] INIT array (
  'id' => '',
  'var_session_id' => '',
  'prefix' => 'think',
  'type' => '',
  'auto_start' => true,
)
[ info ] [ BEHAVIOR ] Run hook\AccessAuth @action_begin [ RunTime:0.000195s ]
[ info ] [ RUN ] app\admin\controller\Login->index[ D:\WWW\Jarvix\lixuan\application\admin\controller\Login.php ]
[ info ] [ VIEW ] D:\WWW\Jarvix\lixuan/application/admin\view\login.index.html [ array (
  0 => 'classuri',
  1 => 'title',
) ]
[ info ] [ DB ] INIT mysql
[ info ] [ LOG ] INIT File
