---------------------------------------------------------------
[ 2017-06-19T15:09:02+08:00 ] 127.0.0.1 127.0.0.1 GET /index.php/admin/login.html
[ info ] www.lixuan.dev/index.php/admin/login.html [运行时间：0.151741s][吞吐率：6.59req/s] [内存消耗：1,964.88kb] [文件加载：56]
[ info ] [ LANG ] D:\WWW\Jarvix\lixuan\thinkphp\lang\zh-cn.php
[ info ] [ ROUTE ] array (
  'type' => 'module',
  'module' => 
  array (
    0 => 'admin',
    1 => 'login',
    2 => NULL,
  ),
)
[ info ] [ HEADER ] array (
  'cookie' => 's0c694c9a=ef92ipoaa9iq1v8h1fa1l6u4b1',
  'accept-language' => 'zh-CN,zh;q=0.8',
  'accept-encoding' => 'gzip, deflate, sdch',
  'accept' => 'text/html,application/xhtml+xml,application/xml;q=0.9,image/webp,*/*;q=0.8',
  'user-agent' => 'Mozilla/5.0 (Windows NT 10.0; Win64; x64) AppleWebKit/537.36 (KHTML, like Gecko) Chrome/58.0.3029.110 Safari/537.36',
  'upgrade-insecure-requests' => '1',
  'cache-control' => 'max-age=0',
  'connection' => 'close',
  'host' => 'www.lixuan.dev',
)
[ info ] [ PARAM ] array (
)
[ info ] [ SESSION ] INIT array (
  'id' => '',
  'var_session_id' => '',
  'prefix' => 'think',
  'type' => '',
  'auto_start' => true,
)
[ info ] [ BEHAVIOR ] Run hook\AccessAuth @action_begin [ RunTime:0.000966s ]
[ info ] [ RUN ] app\admin\controller\Login->index[ D:\WWW\Jarvix\lixuan\application\admin\controller\Login.php ]
[ info ] [ VIEW ] D:\WWW\Jarvix\lixuan/application/admin\view\login.index.html [ array (
  0 => 'classuri',
  1 => 'title',
) ]
[ info ] [ DB ] INIT mysql
[ info ] [ LOG ] INIT File
